<?xml version="1.0" encoding="UTF-8"?>
<testng-results ignored="2" total="3" passed="0" failed="1" skipped="0">
  <reporter-output>
  </reporter-output>
  <suite started-at="2023-04-22T14:37:03 CDT" name="Default suite" finished-at="2023-04-22T14:37:14 CDT" duration-ms="11233">
    <groups>
    </groups>
    <test started-at="2023-04-22T14:37:03 CDT" name="Default test" finished-at="2023-04-22T14:37:14 CDT" duration-ms="11233">
      <class name="test_Poorna.Leads_Page_Test_Poorna">
        <test-method is-config="true" signature="setUp()[pri:0, instance:test_Poorna.Leads_Page_Test_Poorna@7fcbe147]" started-at="2023-04-22T14:37:03 CDT" name="setUp" finished-at="2023-04-22T14:37:03 CDT" duration-ms="100" status="PASS">
          <reporter-output>
          </reporter-output>
        </test-method> <!-- setUp -->
        <test-method is-config="true" signature="setDriver(java.lang.reflect.Method)[pri:0, instance:test_Poorna.Leads_Page_Test_Poorna@7fcbe147]" started-at="2023-04-22T14:37:03 CDT" name="setDriver" finished-at="2023-04-22T14:37:04 CDT" duration-ms="1404" status="PASS">
          <params>
            <param index="0">
              <value>
                <![CDATA[public void test_Poorna.Leads_Page_Test_Poorna.validate_Leads_Select_View_TC_21() throws java.io.IOException]]>
              </value>
            </param>
          </params>
          <reporter-output>
          </reporter-output>
        </test-method> <!-- setDriver -->
        <test-method signature="validate_Leads_Select_View_TC_21()[pri:0, instance:test_Poorna.Leads_Page_Test_Poorna@7fcbe147]" started-at="2023-04-22T14:37:04 CDT" name="validate_Leads_Select_View_TC_21" finished-at="2023-04-22T14:37:14 CDT" duration-ms="9776" status="FAIL">
          <exception class="java.lang.AssertionError">
            <message>
              <![CDATA[VerifiedleadsDropDOwn expected [true] but found [false]]]>
            </message>
            <full-stacktrace>
              <![CDATA[java.lang.AssertionError: VerifiedleadsDropDOwn expected [true] but found [false]
at org.testng.Assert.fail(Assert.java:110)
at org.testng.Assert.failNotEquals(Assert.java:1413)
at org.testng.Assert.assertTrue(Assert.java:56)
at test_Poorna.Leads_Page_Test_Poorna.validate_Leads_Select_View_TC_21(Leads_Page_Test_Poorna.java:111)
at java.base/jdk.internal.reflect.NativeMethodAccessorImpl.invoke0(Native Method)
at java.base/jdk.internal.reflect.NativeMethodAccessorImpl.invoke(NativeMethodAccessorImpl.java:77)
at java.base/jdk.internal.reflect.DelegatingMethodAccessorImpl.invoke(DelegatingMethodAccessorImpl.java:43)
at java.base/java.lang.reflect.Method.invoke(Method.java:568)
at org.testng.internal.invokers.MethodInvocationHelper.invokeMethod(MethodInvocationHelper.java:139)
at org.testng.internal.invokers.TestInvoker.invokeMethod(TestInvoker.java:677)
at org.testng.internal.invokers.TestInvoker.invokeTestMethod(TestInvoker.java:221)
at org.testng.internal.invokers.MethodRunner.runInSequence(MethodRunner.java:50)
at org.testng.internal.invokers.TestInvoker$MethodInvocationAgent.invoke(TestInvoker.java:962)
at org.testng.internal.invokers.TestInvoker.invokeTestMethods(TestInvoker.java:194)
at org.testng.internal.invokers.TestMethodWorker.invokeTestMethods(TestMethodWorker.java:148)
at org.testng.internal.invokers.TestMethodWorker.run(TestMethodWorker.java:128)
at java.base/java.util.ArrayList.forEach(ArrayList.java:1511)
at org.testng.TestRunner.privateRun(TestRunner.java:806)
at org.testng.TestRunner.run(TestRunner.java:601)
at org.testng.SuiteRunner.runTest(SuiteRunner.java:433)
at org.testng.SuiteRunner.runSequentially(SuiteRunner.java:427)
at org.testng.SuiteRunner.privateRun(SuiteRunner.java:387)
at org.testng.SuiteRunner.run(SuiteRunner.java:330)
at org.testng.SuiteRunnerWorker.runSuite(SuiteRunnerWorker.java:52)
at org.testng.SuiteRunnerWorker.run(SuiteRunnerWorker.java:95)
at org.testng.TestNG.runSuitesSequentially(TestNG.java:1256)
at org.testng.TestNG.runSuitesLocally(TestNG.java:1176)
at org.testng.TestNG.runSuites(TestNG.java:1099)
at org.testng.TestNG.run(TestNG.java:1067)
at org.testng.remote.AbstractRemoteTestNG.run(AbstractRemoteTestNG.java:115)
at org.testng.remote.RemoteTestNG.initAndRun(RemoteTestNG.java:251)
at org.testng.remote.RemoteTestNG.main(RemoteTestNG.java:77)
]]>
            </full-stacktrace>
          </exception> <!-- java.lang.AssertionError -->
          <reporter-output>
          </reporter-output>
        </test-method> <!-- validate_Leads_Select_View_TC_21 -->
        <test-method is-config="true" signature="teardown()[pri:0, instance:test_Poorna.Leads_Page_Test_Poorna@7fcbe147]" started-at="2023-04-22T14:37:14 CDT" name="teardown" finished-at="2023-04-22T14:37:14 CDT" duration-ms="505" status="PASS">
          <reporter-output>
          </reporter-output>
        </test-method> <!-- teardown -->
      </class> <!-- test_Poorna.Leads_Page_Test_Poorna -->
    </test> <!-- Default test -->
  </suite> <!-- Default suite -->
</testng-results>
