<?xml version="1.0" encoding="UTF-8"?>
<!-- Generated by org.testng.reporters.JUnitXMLReporter -->
<testsuite ignored="6" hostname="LAPTOP-LFOGEP19" failures="1" tests="6" name="Test/smoke" time="41.667" errors="0" timestamp="2023-04-26T18:41:16 CDT">
  <testcase classname="test_Poorna.Login_Test_Poorna" name="ClickRememberMeTC3" time="4.582"/>
  <testcase classname="test_Poorna.Login_Test_Poorna" name="Login_Error_MessageTC01" time="2.479"/>
  <testcase classname="test_Poorna.Login_Test_Poorna" name="Login_HomePage_Displayed02" time="8.681"/>
  <testcase classname="test_Poorna.Login_Test_Poorna" name="PasswordRest_Tc04_A" time="1.562"/>
  <testcase classname="test_Poorna.Login_Test_Poorna" name="WrongUserNameandPassword_TC04B" time="12.294"/>
  <testcase classname="test_Poorna.User_Menu_Page_Test_Poorna" name="UserDrops_TC07" time="3.539">
    <failure type="org.openqa.selenium.NoSuchElementException" message="Cannot locate an element using xpath=//*[@id=&amp;apos;userNavLabel&amp;apos;]
For documentation on this error, please visit: https://www.seleniumhq.org/exceptions/no_such_element.html
Build info: version: &amp;apos;3.141.59&amp;apos;, revision: &amp;apos;e82be7d358&amp;apos;, time: &amp;apos;2018-11-14T08:17:03&amp;apos;
System info: host: &amp;apos;LAPTOP-LFOGEP19&amp;apos;, ip: &amp;apos;192.168.1.239&amp;apos;, os.name: &amp;apos;Windows 11&amp;apos;, os.arch: &amp;apos;amd64&amp;apos;, os.version: &amp;apos;10.0&amp;apos;, java.version: &amp;apos;17.0.6&amp;apos;
Driver info: driver.version: RemoteWebDriver">
      <![CDATA[org.openqa.selenium.NoSuchElementException: Cannot locate an element using xpath=//*[@id='userNavLabel']
For documentation on this error, please visit: https://www.seleniumhq.org/exceptions/no_such_element.html
Build info: version: '3.141.59', revision: 'e82be7d358', time: '2018-11-14T08:17:03'
System info: host: 'LAPTOP-LFOGEP19', ip: '192.168.1.239', os.name: 'Windows 11', os.arch: 'amd64', os.version: '10.0', java.version: '17.0.6'
Driver info: driver.version: RemoteWebDriver
at org.openqa.selenium.remote.RemoteWebDriver.findElement(RemoteWebDriver.java:327)
at org.openqa.selenium.remote.RemoteWebDriver.findElementByXPath(RemoteWebDriver.java:428)
at org.openqa.selenium.By$ByXPath.findElement(By.java:353)
at org.openqa.selenium.remote.RemoteWebDriver.findElement(RemoteWebDriver.java:315)
at org.openqa.selenium.support.pagefactory.DefaultElementLocator.findElement(DefaultElementLocator.java:69)
at org.openqa.selenium.support.pagefactory.internal.LocatingElementHandler.invoke(LocatingElementHandler.java:38)
at jdk.proxy2/jdk.proxy2.$Proxy27.isDisplayed(Unknown Source)
at pages_Poorna.User_Menu_Page_Poorna.clickOnUserMenu(User_Menu_Page_Poorna.java:356)
at test_Poorna.User_Menu_Page_Test_Poorna.UserDrops_TC07(User_Menu_Page_Test_Poorna.java:140)
at java.base/java.util.ArrayList.forEach(ArrayList.java:1511)
... Removed 27 stack frames]]>
    </failure>
  </testcase> <!-- UserDrops_TC07 -->
  <testcase classname="test_Poorna.Base_Test_Poorna" name="@BeforeSuite setUp" time="0.0">
    <ignored/>
  </testcase> <!-- @BeforeSuite setUp -->
  <testcase classname="test_Poorna.User_Menu_Page_Test_Poorna" name="checkDeveloperConsole_TC_08" time="0.0">
    <ignored/>
  </testcase> <!-- checkDeveloperConsole_TC_08 -->
  <testcase classname="test_Poorna.User_Menu_Page_Test_Poorna" name="userMenu_TC06" time="0.0">
    <ignored/>
  </testcase> <!-- userMenu_TC06 -->
  <testcase classname="test_Poorna.User_Menu_Page_Test_Poorna" name="UserMenuDropDownTC_05" time="0.0">
    <ignored/>
  </testcase> <!-- UserMenuDropDownTC_05 -->
  <testcase classname="test_Poorna.Base_Test_Poorna" name="@AfterSuite teardown" time="0.0">
    <ignored/>
  </testcase> <!-- @AfterSuite teardown -->
  <testcase classname="test_Poorna.Login_Test_Poorna" name="LoginTC02" time="0.0">
    <ignored/>
  </testcase> <!-- LoginTC02 -->
</testsuite> <!-- Test/smoke -->
