<?xml version="1.0" encoding="UTF-8"?>
<!-- Generated by org.testng.reporters.JUnitReportReporter -->
<testsuite hostname="LAPTOP-LFOGEP19" failures="1" tests="8" name="test_Poorna.Contacts_Page_Test_Poorna" time="184.783" errors="0" timestamp="2023-05-01T17:35:42 CDT" skipped="0">
  <testcase classname="test_Poorna.Contacts_Page_Test_Poorna" name="EnterViewNameUniqueNameButDontSaveIt_TC_31" time="24.298">
    <failure message="ABCD is not visible expected [ABCD] but found [All Contacts]" type="java.lang.AssertionError">
      <![CDATA[java.lang.AssertionError: ABCD is not visible expected [ABCD] but found [All Contacts]
at org.testng.Assert.fail(Assert.java:110)
at org.testng.Assert.failNotEquals(Assert.java:1413)
at org.testng.Assert.assertEqualsImpl(Assert.java:149)
at org.testng.Assert.assertEquals(Assert.java:131)
at org.testng.Assert.assertEquals(Assert.java:655)
at test_Poorna.Contacts_Page_Test_Poorna.EnterViewNameUniqueNameButDontSaveIt_TC_31(Contacts_Page_Test_Poorna.java:351)
at java.base/jdk.internal.reflect.NativeMethodAccessorImpl.invoke0(Native Method)
at java.base/jdk.internal.reflect.NativeMethodAccessorImpl.invoke(NativeMethodAccessorImpl.java:77)
at java.base/jdk.internal.reflect.DelegatingMethodAccessorImpl.invoke(DelegatingMethodAccessorImpl.java:43)
at java.base/java.lang.reflect.Method.invoke(Method.java:568)
at org.testng.internal.invokers.MethodInvocationHelper.invokeMethod(MethodInvocationHelper.java:139)
at org.testng.internal.invokers.TestInvoker.invokeMethod(TestInvoker.java:677)
at org.testng.internal.invokers.TestInvoker.invokeTestMethod(TestInvoker.java:221)
at org.testng.internal.invokers.MethodRunner.runInSequence(MethodRunner.java:50)
at org.testng.internal.invokers.TestInvoker$MethodInvocationAgent.invoke(TestInvoker.java:962)
at org.testng.internal.invokers.TestInvoker.invokeTestMethods(TestInvoker.java:194)
at org.testng.internal.invokers.TestMethodWorker.invokeTestMethods(TestMethodWorker.java:148)
at org.testng.internal.invokers.TestMethodWorker.run(TestMethodWorker.java:128)
at java.base/java.util.ArrayList.forEach(ArrayList.java:1511)
at org.testng.TestRunner.privateRun(TestRunner.java:806)
at org.testng.TestRunner.run(TestRunner.java:601)
at org.testng.SuiteRunner.runTest(SuiteRunner.java:433)
at org.testng.SuiteRunner.runSequentially(SuiteRunner.java:427)
at org.testng.SuiteRunner.privateRun(SuiteRunner.java:387)
at org.testng.SuiteRunner.run(SuiteRunner.java:330)
at org.testng.SuiteRunnerWorker.runSuite(SuiteRunnerWorker.java:52)
at org.testng.SuiteRunnerWorker.run(SuiteRunnerWorker.java:95)
at org.testng.TestNG.runSuitesSequentially(TestNG.java:1256)
at org.testng.TestNG.runSuitesLocally(TestNG.java:1176)
at org.testng.TestNG.runSuites(TestNG.java:1099)
at org.testng.TestNG.run(TestNG.java:1067)
at org.testng.remote.AbstractRemoteTestNG.run(AbstractRemoteTestNG.java:115)
at org.testng.remote.RemoteTestNG.initAndRun(RemoteTestNG.java:251)
at org.testng.remote.RemoteTestNG.main(RemoteTestNG.java:77)
]]>
    </failure>
  </testcase> <!-- EnterViewNameUniqueNameButDontSaveIt_TC_31 -->
  <system-out/>
  <testcase classname="test_Poorna.Contacts_Page_Test_Poorna" name="CheckingMyContactsTC_28" time="18.260"/>
  <system-out/>
  <testcase classname="test_Poorna.Contacts_Page_Test_Poorna" name="CreateNewView_TC_26" time="19.260"/>
  <system-out/>
  <testcase classname="test_Poorna.Contacts_Page_Test_Poorna" name="CreateNewLastNameAccountNameUpdateing_TC_32" time="31.921"/>
  <system-out/>
  <testcase classname="test_Poorna.Contacts_Page_Test_Poorna" name="CheckingMyContactsTC_29" time="20.227"/>
  <system-out/>
  <testcase classname="test_Poorna.Contacts_Page_Test_Poorna" name="CheckingRecentlyCreatedContactsTC_27" time="22.571"/>
  <system-out/>
  <testcase classname="test_Poorna.Contacts_Page_Test_Poorna" name="Create_New_Contacts_TC_25" time="22.499"/>
  <system-out/>
  <testcase classname="test_Poorna.Contacts_Page_Test_Poorna" name="CreateNewView_TC_30" time="25.747"/>
  <system-out/>
</testsuite> <!-- test_Poorna.Contacts_Page_Test_Poorna -->
